<?xml version="1.0" encoding="UTF-8"?>
<!-- Generated by org.testng.reporters.JUnitXMLReporter -->
<testsuite ignored="1" hostname="LAPTOP-GIHK6IHP" failures="0" tests="9" name="Default test" time="72.576" errors="0" timestamp="2023-09-06T05:13:32 EDT">
  <testcase classname="pages.HomePageTest" name="clickLogoTest" time="3.823"/>
  <testcase classname="pages.HomePageTest" name="clickUserIdTest" time="3.168"/>
  <testcase classname="pages.HomePageTest" name="inputTextUserIdFieldTest" time="5.144"/>
  <testcase classname="pages.HomePageTest" name="clickPasswordTest" time="3.156"/>
  <testcase classname="pages.HomePageTest" name="inputTextToPasswordtest" time="8.205"/>
  <testcase classname="pages.HomePageTest" name="clickLoginButtonTest" time="3.076"/>
  <testcase classname="pages.HomePageTest" name="forgotUserIdTest" time="3.339"/>
  <testcase classname="pages.HomePageTest" name="clickEnterFirstNameTest" time="9.463"/>
  <testcase classname="pages.HomePageTest" name="clickEnterLastNameTest" time="9.489"/>
  <testcase classname="pages.HomePageTest" name="clickCloseButtonTest" time="0.0">
    <ignored/>
  </testcase> <!-- clickCloseButtonTest -->
</testsuite> <!-- Default test -->
