<?xml version="1.0" encoding="UTF-8"?>
<testng-results ignored="0" total="9" passed="9" failed="0" skipped="0">
  <reporter-output>
  </reporter-output>
  <suite started-at="2023-09-06T05:12:19 EDT" name="Default suite" finished-at="2023-09-06T05:13:32 EDT" duration-ms="72576">
    <groups>
    </groups>
    <test started-at="2023-09-06T05:12:19 EDT" name="Default test" finished-at="2023-09-06T05:13:32 EDT" duration-ms="72576">
      <class name="pages.HomePageTest">
        <test-method is-config="true" signature="setUp()[pri:0, instance:pages.HomePageTest@5824a83d]" started-at="2023-09-06T05:12:19 EDT" name="setUp" finished-at="2023-09-06T05:12:23 EDT" duration-ms="3863" status="PASS">
          <reporter-output>
          </reporter-output>
        </test-method> <!-- setUp -->
        <test-method signature="clickLogoTest()[pri:1, instance:pages.HomePageTest@5824a83d]" started-at="2023-09-06T05:12:23 EDT" name="clickLogoTest" finished-at="2023-09-06T05:12:27 EDT" duration-ms="3823" status="PASS">
          <reporter-output>
          </reporter-output>
        </test-method> <!-- clickLogoTest -->
        <test-method is-config="true" signature="tearUp()[pri:0, instance:pages.HomePageTest@5824a83d]" started-at="2023-09-06T05:12:27 EDT" name="tearUp" finished-at="2023-09-06T05:12:27 EDT" duration-ms="198" status="PASS">
          <reporter-output>
          </reporter-output>
        </test-method> <!-- tearUp -->
        <test-method is-config="true" signature="setUp()[pri:0, instance:pages.HomePageTest@5824a83d]" started-at="2023-09-06T05:12:27 EDT" name="setUp" finished-at="2023-09-06T05:12:29 EDT" duration-ms="1908" status="PASS">
          <reporter-output>
          </reporter-output>
        </test-method> <!-- setUp -->
        <test-method signature="clickUserIdTest()[pri:2, instance:pages.HomePageTest@5824a83d]" started-at="2023-09-06T05:12:29 EDT" name="clickUserIdTest" finished-at="2023-09-06T05:12:32 EDT" duration-ms="3168" status="PASS">
          <reporter-output>
          </reporter-output>
        </test-method> <!-- clickUserIdTest -->
        <test-method is-config="true" signature="tearUp()[pri:0, instance:pages.HomePageTest@5824a83d]" started-at="2023-09-06T05:12:32 EDT" name="tearUp" finished-at="2023-09-06T05:12:32 EDT" duration-ms="216" status="PASS">
          <reporter-output>
          </reporter-output>
        </test-method> <!-- tearUp -->
        <test-method is-config="true" signature="setUp()[pri:0, instance:pages.HomePageTest@5824a83d]" started-at="2023-09-06T05:12:32 EDT" name="setUp" finished-at="2023-09-06T05:12:34 EDT" duration-ms="2004" status="PASS">
          <reporter-output>
          </reporter-output>
        </test-method> <!-- setUp -->
        <test-method signature="inputTextUserIdFieldTest()[pri:3, instance:pages.HomePageTest@5824a83d]" started-at="2023-09-06T05:12:34 EDT" name="inputTextUserIdFieldTest" finished-at="2023-09-06T05:12:39 EDT" duration-ms="5144" status="PASS">
          <reporter-output>
          </reporter-output>
        </test-method> <!-- inputTextUserIdFieldTest -->
        <test-method is-config="true" signature="tearUp()[pri:0, instance:pages.HomePageTest@5824a83d]" started-at="2023-09-06T05:12:39 EDT" name="tearUp" finished-at="2023-09-06T05:12:40 EDT" duration-ms="198" status="PASS">
          <reporter-output>
          </reporter-output>
        </test-method> <!-- tearUp -->
        <test-method is-config="true" signature="setUp()[pri:0, instance:pages.HomePageTest@5824a83d]" started-at="2023-09-06T05:12:40 EDT" name="setUp" finished-at="2023-09-06T05:12:42 EDT" duration-ms="2159" status="PASS">
          <reporter-output>
          </reporter-output>
        </test-method> <!-- setUp -->
        <test-method signature="clickPasswordTest()[pri:4, instance:pages.HomePageTest@5824a83d]" started-at="2023-09-06T05:12:42 EDT" name="clickPasswordTest" finished-at="2023-09-06T05:12:45 EDT" duration-ms="3156" status="PASS">
          <reporter-output>
          </reporter-output>
        </test-method> <!-- clickPasswordTest -->
        <test-method is-config="true" signature="tearUp()[pri:0, instance:pages.HomePageTest@5824a83d]" started-at="2023-09-06T05:12:45 EDT" name="tearUp" finished-at="2023-09-06T05:12:45 EDT" duration-ms="232" status="PASS">
          <reporter-output>
          </reporter-output>
        </test-method> <!-- tearUp -->
        <test-method is-config="true" signature="setUp()[pri:0, instance:pages.HomePageTest@5824a83d]" started-at="2023-09-06T05:12:45 EDT" name="setUp" finished-at="2023-09-06T05:12:48 EDT" duration-ms="2559" status="PASS">
          <reporter-output>
          </reporter-output>
        </test-method> <!-- setUp -->
        <test-method signature="inputTextToPasswordtest()[pri:5, instance:pages.HomePageTest@5824a83d]" started-at="2023-09-06T05:12:48 EDT" name="inputTextToPasswordtest" finished-at="2023-09-06T05:12:56 EDT" duration-ms="8205" status="PASS">
          <reporter-output>
          </reporter-output>
        </test-method> <!-- inputTextToPasswordtest -->
        <test-method is-config="true" signature="tearUp()[pri:0, instance:pages.HomePageTest@5824a83d]" started-at="2023-09-06T05:12:56 EDT" name="tearUp" finished-at="2023-09-06T05:12:56 EDT" duration-ms="247" status="PASS">
          <reporter-output>
          </reporter-output>
        </test-method> <!-- tearUp -->
        <test-method is-config="true" signature="setUp()[pri:0, instance:pages.HomePageTest@5824a83d]" started-at="2023-09-06T05:12:56 EDT" name="setUp" finished-at="2023-09-06T05:12:59 EDT" duration-ms="2647" status="PASS">
          <reporter-output>
          </reporter-output>
        </test-method> <!-- setUp -->
        <test-method signature="clickLoginButtonTest()[pri:6, instance:pages.HomePageTest@5824a83d]" started-at="2023-09-06T05:12:59 EDT" name="clickLoginButtonTest" finished-at="2023-09-06T05:13:02 EDT" duration-ms="3076" status="PASS">
          <reporter-output>
          </reporter-output>
        </test-method> <!-- clickLoginButtonTest -->
        <test-method is-config="true" signature="tearUp()[pri:0, instance:pages.HomePageTest@5824a83d]" started-at="2023-09-06T05:13:02 EDT" name="tearUp" finished-at="2023-09-06T05:13:02 EDT" duration-ms="186" status="PASS">
          <reporter-output>
          </reporter-output>
        </test-method> <!-- tearUp -->
        <test-method is-config="true" signature="setUp()[pri:0, instance:pages.HomePageTest@5824a83d]" started-at="2023-09-06T05:13:02 EDT" name="setUp" finished-at="2023-09-06T05:13:04 EDT" duration-ms="2104" status="PASS">
          <reporter-output>
          </reporter-output>
        </test-method> <!-- setUp -->
        <test-method signature="forgotUserIdTest()[pri:7, instance:pages.HomePageTest@5824a83d]" started-at="2023-09-06T05:13:04 EDT" name="forgotUserIdTest" finished-at="2023-09-06T05:13:08 EDT" duration-ms="3339" status="PASS">
          <reporter-output>
          </reporter-output>
        </test-method> <!-- forgotUserIdTest -->
        <test-method is-config="true" signature="tearUp()[pri:0, instance:pages.HomePageTest@5824a83d]" started-at="2023-09-06T05:13:08 EDT" name="tearUp" finished-at="2023-09-06T05:13:08 EDT" duration-ms="215" status="PASS">
          <reporter-output>
          </reporter-output>
        </test-method> <!-- tearUp -->
        <test-method is-config="true" signature="setUp()[pri:0, instance:pages.HomePageTest@5824a83d]" started-at="2023-09-06T05:13:08 EDT" name="setUp" finished-at="2023-09-06T05:13:10 EDT" duration-ms="2300" status="PASS">
          <reporter-output>
          </reporter-output>
        </test-method> <!-- setUp -->
        <test-method signature="clickEnterFirstNameTest()[pri:8, instance:pages.HomePageTest@5824a83d]" started-at="2023-09-06T05:13:10 EDT" name="clickEnterFirstNameTest" finished-at="2023-09-06T05:13:20 EDT" duration-ms="9463" status="PASS">
          <reporter-output>
          </reporter-output>
        </test-method> <!-- clickEnterFirstNameTest -->
        <test-method is-config="true" signature="tearUp()[pri:0, instance:pages.HomePageTest@5824a83d]" started-at="2023-09-06T05:13:20 EDT" name="tearUp" finished-at="2023-09-06T05:13:20 EDT" duration-ms="186" status="PASS">
          <reporter-output>
          </reporter-output>
        </test-method> <!-- tearUp -->
        <test-method is-config="true" signature="setUp()[pri:0, instance:pages.HomePageTest@5824a83d]" started-at="2023-09-06T05:13:20 EDT" name="setUp" finished-at="2023-09-06T05:13:22 EDT" duration-ms="2220" status="PASS">
          <reporter-output>
          </reporter-output>
        </test-method> <!-- setUp -->
        <test-method signature="clickEnterLastNameTest()[pri:9, instance:pages.HomePageTest@5824a83d]" started-at="2023-09-06T05:13:22 EDT" name="clickEnterLastNameTest" finished-at="2023-09-06T05:13:31 EDT" duration-ms="9489" status="PASS">
          <reporter-output>
          </reporter-output>
        </test-method> <!-- clickEnterLastNameTest -->
        <test-method is-config="true" signature="tearUp()[pri:0, instance:pages.HomePageTest@5824a83d]" started-at="2023-09-06T05:13:31 EDT" name="tearUp" finished-at="2023-09-06T05:13:32 EDT" duration-ms="188" status="PASS">
          <reporter-output>
          </reporter-output>
        </test-method> <!-- tearUp -->
      </class> <!-- pages.HomePageTest -->
    </test> <!-- Default test -->
  </suite> <!-- Default suite -->
</testng-results>
